<?xml version="1.0" encoding="UTF-8"?>
<testsuite xmlns:xsi="http://www.w3.org/2001/XMLSchema-instance" xsi:noNamespaceSchemaLocation="https://maven.apache.org/surefire/maven-surefire-plugin/xsd/surefire-test-report.xsd" name="org.aksw.deer.plugin.example.KGMatchingOperatorTest" time="0.048" tests="1" errors="0" skipped="0" failures="0">
  <properties>
    <property name="java.specification.version" value="17"/>
    <property name="sun.cpu.isalist" value="amd64"/>
    <property name="sun.jnu.encoding" value="Cp1252"/>
    <property name="java.class.path" value="C:\Program Files\apache-maven-3.8.1\bin\..\boot\plexus-classworlds-2.6.0.jar"/>
    <property name="java.vm.vendor" value="Oracle Corporation"/>
    <property name="sun.arch.data.model" value="64"/>
    <property name="user.variant" value=""/>
    <property name="java.vendor.url" value="https://java.oracle.com/"/>
    <property name="user.timezone" value="Europe/Berlin"/>
    <property name="maven.conf" value="C:\Program Files\apache-maven-3.8.1\bin\../conf"/>
    <property name="java.vm.specification.version" value="17"/>
    <property name="os.name" value="Windows 10"/>
    <property name="sun.java.launcher" value="SUN_STANDARD"/>
    <property name="user.country" value="IN"/>
    <property name="sun.boot.library.path" value="C:\Program Files\Java\jdk-17\bin"/>
    <property name="sun.java.command" value="org.codehaus.plexus.classworlds.launcher.Launcher clean package"/>
    <property name="jdk.debug" value="release"/>
    <property name="maven.home" value="C:\Program Files\apache-maven-3.8.1\bin\.."/>
    <property name="surefire.test.class.path" value="D:\kgmatching-ravi\target\test-classes;D:\kgmatching-ravi\target\classes;C:\Users\Chaitali Bagwe\.m2\repository\org\apache\logging\log4j\log4j-api\2.7\log4j-api-2.7.jar;C:\Users\Chaitali Bagwe\.m2\repository\org\dkpro\similarity\dkpro-similarity-algorithms-api-asl\2.3.0\dkpro-similarity-algorithms-api-asl-2.3.0.jar;C:\Users\Chaitali Bagwe\.m2\repository\org\apache\uima\uimaj-document-annotation\2.10.2\uimaj-document-annotation-2.10.2.jar;C:\Users\Chaitali Bagwe\.m2\repository\org\apache\uima\uimaj-core\2.10.2\uimaj-core-2.10.2.jar;C:\Users\Chaitali Bagwe\.m2\repository\org\apache\commons\commons-lang3\3.7\commons-lang3-3.7.jar;C:\Users\Chaitali Bagwe\.m2\repository\org\apache\uima\uimafit-core\2.4.0\uimafit-core-2.4.0.jar;C:\Users\Chaitali Bagwe\.m2\repository\commons-lang\commons-lang\2.6\commons-lang-2.6.jar;C:\Users\Chaitali Bagwe\.m2\repository\commons-logging\commons-logging-api\1.1\commons-logging-api-1.1.jar;C:\Users\Chaitali Bagwe\.m2\repository\org\springframework\spring-core\3.2.16.RELEASE\spring-core-3.2.16.RELEASE.jar;C:\Users\Chaitali Bagwe\.m2\repository\commons-logging\commons-logging\1.1.3\commons-logging-1.1.3.jar;C:\Users\Chaitali Bagwe\.m2\repository\org\springframework\spring-context\3.2.16.RELEASE\spring-context-3.2.16.RELEASE.jar;C:\Users\Chaitali Bagwe\.m2\repository\org\springframework\spring-aop\3.2.16.RELEASE\spring-aop-3.2.16.RELEASE.jar;C:\Users\Chaitali Bagwe\.m2\repository\aopalliance\aopalliance\1.0\aopalliance-1.0.jar;C:\Users\Chaitali Bagwe\.m2\repository\org\springframework\spring-expression\3.2.16.RELEASE\spring-expression-3.2.16.RELEASE.jar;C:\Users\Chaitali Bagwe\.m2\repository\org\springframework\spring-beans\3.2.16.RELEASE\spring-beans-3.2.16.RELEASE.jar;C:\Users\Chaitali Bagwe\.m2\repository\org\dkpro\similarity\dkpro-similarity-algorithms-lexical-asl\2.3.0\dkpro-similarity-algorithms-lexical-asl-2.3.0.jar;C:\Users\Chaitali Bagwe\.m2\repository\org\dkpro\similarity\dkpro-similarity-algorithms-vsm-asl\2.3.0\dkpro-similarity-algorithms-vsm-asl-2.3.0.jar;C:\Users\Chaitali Bagwe\.m2\repository\com\sleepycat\je\4.0.92\je-4.0.92.jar;C:\Users\Chaitali Bagwe\.m2\repository\de\tudarmstadt\ukp\dkpro\core\de.tudarmstadt.ukp.dkpro.core.api.parameter-asl\1.9.1\de.tudarmstadt.ukp.dkpro.core.api.parameter-asl-1.9.1.jar;C:\Users\Chaitali Bagwe\.m2\repository\de\tudarmstadt\ukp\dkpro\core\de.tudarmstadt.ukp.dkpro.core.api.resources-asl\1.9.1\de.tudarmstadt.ukp.dkpro.core.api.resources-asl-1.9.1.jar;C:\Users\Chaitali Bagwe\.m2\repository\org\apache\maven\maven-model\3.0.5\maven-model-3.0.5.jar;C:\Users\Chaitali Bagwe\.m2\repository\org\apache\ivy\ivy\2.4.0\ivy-2.4.0.jar;C:\Users\Chaitali Bagwe\.m2\repository\de\tudarmstadt\ukp\dkpro\core\de.tudarmstadt.ukp.dkpro.core.api.metadata-asl\1.9.1\de.tudarmstadt.ukp.dkpro.core.api.metadata-asl-1.9.1.jar;C:\Users\Chaitali Bagwe\.m2\repository\org\codehaus\plexus\plexus-utils\2.0.6\plexus-utils-2.0.6.jar;C:\Users\Chaitali Bagwe\.m2\repository\org\tukaani\xz\1.8\xz-1.8.jar;C:\Users\Chaitali Bagwe\.m2\repository\de\tudarmstadt\ukp\dkpro\core\de.tudarmstadt.ukp.dkpro.core.api.frequency-asl\1.9.1\de.tudarmstadt.ukp.dkpro.core.api.frequency-asl-1.9.1.jar;C:\Users\Chaitali Bagwe\.m2\repository\it\unimi\dsi\fastutil\7.0.13\fastutil-7.0.13.jar;C:\Users\Chaitali Bagwe\.m2\repository\commons-io\commons-io\2.6\commons-io-2.6.jar;C:\Users\Chaitali Bagwe\.m2\repository\com\googlecode\matrix-toolkits-java\mtj\1.0.4\mtj-1.0.4.jar;C:\Users\Chaitali Bagwe\.m2\repository\net\sourceforge\f2j\arpack_combined_all\0.1\arpack_combined_all-0.1.jar;C:\Users\Chaitali Bagwe\.m2\repository\com\github\fommil\netlib\core\1.1.2\core-1.1.2.jar;C:\Users\Chaitali Bagwe\.m2\repository\com\github\fommil\netlib\netlib-native_ref-osx-x86_64\1.1\netlib-native_ref-osx-x86_64-1.1-natives.jar;C:\Users\Chaitali Bagwe\.m2\repository\com\github\fommil\netlib\native_ref-java\1.1\native_ref-java-1.1.jar;C:\Users\Chaitali Bagwe\.m2\repository\com\github\fommil\jniloader\1.1\jniloader-1.1.jar;C:\Users\Chaitali Bagwe\.m2\repository\com\github\fommil\netlib\netlib-native_ref-linux-x86_64\1.1\netlib-native_ref-linux-x86_64-1.1-natives.jar;C:\Users\Chaitali Bagwe\.m2\repository\com\github\fommil\netlib\netlib-native_ref-linux-i686\1.1\netlib-native_ref-linux-i686-1.1-natives.jar;C:\Users\Chaitali Bagwe\.m2\repository\com\github\fommil\netlib\netlib-native_ref-win-x86_64\1.1\netlib-native_ref-win-x86_64-1.1-natives.jar;C:\Users\Chaitali Bagwe\.m2\repository\com\github\fommil\netlib\netlib-native_ref-win-i686\1.1\netlib-native_ref-win-i686-1.1-natives.jar;C:\Users\Chaitali Bagwe\.m2\repository\com\github\fommil\netlib\netlib-native_ref-linux-armhf\1.1\netlib-native_ref-linux-armhf-1.1-natives.jar;C:\Users\Chaitali Bagwe\.m2\repository\com\github\fommil\netlib\netlib-native_system-osx-x86_64\1.1\netlib-native_system-osx-x86_64-1.1-natives.jar;C:\Users\Chaitali Bagwe\.m2\repository\com\github\fommil\netlib\native_system-java\1.1\native_system-java-1.1.jar;C:\Users\Chaitali Bagwe\.m2\repository\com\github\fommil\netlib\netlib-native_system-linux-x86_64\1.1\netlib-native_system-linux-x86_64-1.1-natives.jar;C:\Users\Chaitali Bagwe\.m2\repository\com\github\fommil\netlib\netlib-native_system-linux-i686\1.1\netlib-native_system-linux-i686-1.1-natives.jar;C:\Users\Chaitali Bagwe\.m2\repository\com\github\fommil\netlib\netlib-native_system-linux-armhf\1.1\netlib-native_system-linux-armhf-1.1-natives.jar;C:\Users\Chaitali Bagwe\.m2\repository\com\github\fommil\netlib\netlib-native_system-win-x86_64\1.1\netlib-native_system-win-x86_64-1.1-natives.jar;C:\Users\Chaitali Bagwe\.m2\repository\com\github\fommil\netlib\netlib-native_system-win-i686\1.1\netlib-native_system-win-i686-1.1-natives.jar;C:\Users\Chaitali Bagwe\.m2\repository\com\github\mpkorstanje\simmetrics-core\4.1.1\simmetrics-core-4.1.1.jar;C:\Users\Chaitali Bagwe\.m2\repository\commons-codec\commons-codec\1.10\commons-codec-1.10.jar;C:\Users\Chaitali Bagwe\.m2\repository\org\dkpro\similarity\dkpro-similarity-uima-core-asl\2.3.0\dkpro-similarity-uima-core-asl-2.3.0.jar;C:\Users\Chaitali Bagwe\.m2\repository\org\dkpro\similarity\dkpro-similarity-uima-api-asl\2.3.0\dkpro-similarity-uima-api-asl-2.3.0.jar;C:\Users\Chaitali Bagwe\.m2\repository\com\wcohen\com.wcohen.secondstring\0.1\com.wcohen.secondstring-0.1.jar;C:\Users\Chaitali Bagwe\.m2\repository\org\dkpro\similarity\dkpro-similarity-algorithms-sspace-gpl\2.3.0\dkpro-similarity-algorithms-sspace-gpl-2.3.0.jar;C:\Users\Chaitali Bagwe\.m2\repository\edu\ucla\sspace\sspace\2.0.4\sspace-2.0.4.jar;C:\Users\Chaitali Bagwe\.m2\repository\net\sf\trove4j\trove4j\3.0.3\trove4j-3.0.3.jar;C:\Users\Chaitali Bagwe\.m2\repository\de\tudarmstadt\ukp\dkpro\core\de.tudarmstadt.ukp.dkpro.core.api.featurepath-asl\1.9.1\de.tudarmstadt.ukp.dkpro.core.api.featurepath-asl-1.9.1.jar;C:\Users\Chaitali Bagwe\.m2\repository\org\python\jython-slim\2.7.2\jython-slim-2.7.2.jar;C:\Users\Chaitali Bagwe\.m2\repository\org\antlr\antlr\3.5.2\antlr-3.5.2.jar;C:\Users\Chaitali Bagwe\.m2\repository\org\antlr\ST4\4.0.8\ST4-4.0.8.jar;C:\Users\Chaitali Bagwe\.m2\repository\javax\servlet\javax.servlet-api\3.1.0\javax.servlet-api-3.1.0.jar;C:\Users\Chaitali Bagwe\.m2\repository\org\antlr\antlr-runtime\3.5.2\antlr-runtime-3.5.2.jar;C:\Users\Chaitali Bagwe\.m2\repository\org\apache\commons\commons-compress\1.19\commons-compress-1.19.jar;C:\Users\Chaitali Bagwe\.m2\repository\org\bouncycastle\bcpkix-jdk15on\1.62\bcpkix-jdk15on-1.62.jar;C:\Users\Chaitali Bagwe\.m2\repository\org\bouncycastle\bcprov-jdk15on\1.62\bcprov-jdk15on-1.62.jar;C:\Users\Chaitali Bagwe\.m2\repository\org\ow2\asm\asm\7.1\asm-7.1.jar;C:\Users\Chaitali Bagwe\.m2\repository\org\ow2\asm\asm-commons\7.1\asm-commons-7.1.jar;C:\Users\Chaitali Bagwe\.m2\repository\org\ow2\asm\asm-tree\7.1\asm-tree-7.1.jar;C:\Users\Chaitali Bagwe\.m2\repository\org\ow2\asm\asm-analysis\7.1\asm-analysis-7.1.jar;C:\Users\Chaitali Bagwe\.m2\repository\org\ow2\asm\asm-util\7.1\asm-util-7.1.jar;C:\Users\Chaitali Bagwe\.m2\repository\com\google\guava\guava\28.0-android\guava-28.0-android.jar;C:\Users\Chaitali Bagwe\.m2\repository\com\google\guava\listenablefuture\9999.0-empty-to-avoid-conflict-with-guava\listenablefuture-9999.0-empty-to-avoid-conflict-with-guava.jar;C:\Users\Chaitali Bagwe\.m2\repository\com\google\code\findbugs\jsr305\3.0.2\jsr305-3.0.2.jar;C:\Users\Chaitali Bagwe\.m2\repository\org\checkerframework\checker-compat-qual\2.5.5\checker-compat-qual-2.5.5.jar;C:\Users\Chaitali Bagwe\.m2\repository\com\google\errorprone\error_prone_annotations\2.3.2\error_prone_annotations-2.3.2.jar;C:\Users\Chaitali Bagwe\.m2\repository\com\google\j2objc\j2objc-annotations\1.3\j2objc-annotations-1.3.jar;C:\Users\Chaitali Bagwe\.m2\repository\org\codehaus\mojo\animal-sniffer-annotations\1.17\animal-sniffer-annotations-1.17.jar;C:\Users\Chaitali Bagwe\.m2\repository\com\google\guava\failureaccess\1.0.1\failureaccess-1.0.1.jar;C:\Users\Chaitali Bagwe\.m2\repository\com\ibm\icu\icu4j\59.1\icu4j-59.1.jar;C:\Users\Chaitali Bagwe\.m2\repository\com\carrotsearch\java-sizeof\0.0.5\java-sizeof-0.0.5.jar;C:\Users\Chaitali Bagwe\.m2\repository\com\github\jnr\jffi\1.2.20\jffi-1.2.20.jar;C:\Users\Chaitali Bagwe\.m2\repository\com\github\jnr\jnr-netdb\1.1.6\jnr-netdb-1.1.6.jar;C:\Users\Chaitali Bagwe\.m2\repository\com\github\jnr\jnr-ffi\2.1.10\jnr-ffi-2.1.10.jar;C:\Users\Chaitali Bagwe\.m2\repository\com\github\jnr\jffi\1.2.19\jffi-1.2.19-native.jar;C:\Users\Chaitali Bagwe\.m2\repository\com\github\jnr\jnr-a64asm\1.0.0\jnr-a64asm-1.0.0.jar;C:\Users\Chaitali Bagwe\.m2\repository\com\github\jnr\jnr-x86asm\1.0.2\jnr-x86asm-1.0.2.jar;C:\Users\Chaitali Bagwe\.m2\repository\com\github\jnr\jnr-posix\3.0.50\jnr-posix-3.0.50.jar;C:\Users\Chaitali Bagwe\.m2\repository\com\github\jnr\jnr-constants\0.9.12\jnr-constants-0.9.12.jar;C:\Users\Chaitali Bagwe\.m2\repository\jline\jline\2.14.5\jline-2.14.5.jar;C:\Users\Chaitali Bagwe\.m2\repository\io\netty\netty-buffer\4.1.45.Final\netty-buffer-4.1.45.Final.jar;C:\Users\Chaitali Bagwe\.m2\repository\io\netty\netty-codec\4.1.45.Final\netty-codec-4.1.45.Final.jar;C:\Users\Chaitali Bagwe\.m2\repository\io\netty\netty-common\4.1.45.Final\netty-common-4.1.45.Final.jar;C:\Users\Chaitali Bagwe\.m2\repository\io\netty\netty-handler\4.1.45.Final\netty-handler-4.1.45.Final.jar;C:\Users\Chaitali Bagwe\.m2\repository\io\netty\netty-resolver\4.1.45.Final\netty-resolver-4.1.45.Final.jar;C:\Users\Chaitali Bagwe\.m2\repository\io\netty\netty-transport\4.1.45.Final\netty-transport-4.1.45.Final.jar;C:\Users\Chaitali Bagwe\.m2\repository\org\apache\ant\ant\1.9.7\ant-1.9.7.jar;C:\Users\Chaitali Bagwe\.m2\repository\org\apache\ant\ant-launcher\1.9.7\ant-launcher-1.9.7.jar;C:\Users\Chaitali Bagwe\.m2\repository\org\apache\logging\log4j\log4j-core\2.7\log4j-core-2.7.jar;C:\Users\Chaitali Bagwe\.m2\repository\junit\junit\4.11\junit-4.11.jar;C:\Users\Chaitali Bagwe\.m2\repository\org\hamcrest\hamcrest-core\1.3\hamcrest-core-1.3.jar;C:\Users\Chaitali Bagwe\.m2\repository\com\hp\hpl\jena\arq\2.8.8\arq-2.8.8.jar;C:\Users\Chaitali Bagwe\.m2\repository\com\hp\hpl\jena\jena\2.6.4\jena-2.6.4.jar;C:\Users\Chaitali Bagwe\.m2\repository\org\slf4j\slf4j-log4j12\1.5.8\slf4j-log4j12-1.5.8.jar;C:\Users\Chaitali Bagwe\.m2\repository\com\hp\hpl\jena\iri\0.8\iri-0.8.jar;C:\Users\Chaitali Bagwe\.m2\repository\org\codehaus\woodstox\wstx-asl\3.2.9\wstx-asl-3.2.9.jar;C:\Users\Chaitali Bagwe\.m2\repository\stax\stax-api\1.0.1\stax-api-1.0.1.jar;C:\Users\Chaitali Bagwe\.m2\repository\org\apache\lucene\lucene-core\2.3.1\lucene-core-2.3.1.jar;C:\Users\Chaitali Bagwe\.m2\repository\org\slf4j\slf4j-api\1.5.8\slf4j-api-1.5.8.jar;C:\Users\Chaitali Bagwe\.m2\repository\log4j\log4j\1.2.14\log4j-1.2.14.jar;C:\Users\Chaitali Bagwe\.m2\repository\de\julielab\aliasi-lingpipe\4.1.0\aliasi-lingpipe-4.1.0.jar;C:\Users\Chaitali Bagwe\.m2\repository\org\apache\logging\log4j\log4j-slf4j-impl\2.7\log4j-slf4j-impl-2.7.jar;C:\Users\Chaitali Bagwe\.m2\repository\org\aksw\deer\deer-core\2.3.0\deer-core-2.3.0.jar;C:\Users\Chaitali Bagwe\.m2\repository\org\aksw\limes\limes-core\1.7.0\limes-core-1.7.0.jar;C:\Users\Chaitali Bagwe\.m2\repository\de\vandermeer\asciitable\0.3.2\asciitable-0.3.2.jar;C:\Users\Chaitali Bagwe\.m2\repository\de\vandermeer\ascii-utf-themes\0.0.1\ascii-utf-themes-0.0.1.jar;C:\Users\Chaitali Bagwe\.m2\repository\de\vandermeer\skb-interfaces\0.0.1\skb-interfaces-0.0.1.jar;C:\Users\Chaitali Bagwe\.m2\repository\org\antlr\antlr4\4.5.1\antlr4-4.5.1.jar;C:\Users\Chaitali Bagwe\.m2\repository\de\vandermeer\char-translation\0.0.2\char-translation-0.0.2.jar;C:\Users\Chaitali Bagwe\.m2\repository\org\apache\commons\commons-math3\3.3\commons-math3-3.3.jar;C:\Users\Chaitali Bagwe\.m2\repository\org\aksw\jena-sparql-api\jena-sparql-api-cache-h2\3.9.0-1\jena-sparql-api-cache-h2-3.9.0-1.jar;C:\Users\Chaitali Bagwe\.m2\repository\org\aksw\jena-sparql-api\jena-sparql-api-resources\3.9.0-1\jena-sparql-api-resources-3.9.0-1.jar;C:\Users\Chaitali Bagwe\.m2\repository\com\h2database\h2\1.4.196\h2-1.4.196.jar;C:\Users\Chaitali Bagwe\.m2\repository\org\aksw\jena-sparql-api\jena-sparql-api-core\3.9.0-1\jena-sparql-api-core-3.9.0-1.jar;C:\Users\Chaitali Bagwe\.m2\repository\org\aksw\jena-sparql-api\jena-sparql-api-mapper-annotations\3.9.0-1\jena-sparql-api-mapper-annotations-3.9.0-1.jar;C:\Users\Chaitali Bagwe\.m2\repository\org\aksw\jena-sparql-api\jena-sparql-api-utils\3.9.0-1\jena-sparql-api-utils-3.9.0-1.jar;C:\Users\Chaitali Bagwe\.m2\repository\org\apache\jena\jena-sdb\3.9.0\jena-sdb-3.9.0.jar;C:\Users\Chaitali Bagwe\.m2\repository\org\apache\jena\jena-cmds\3.9.0\jena-cmds-3.9.0.jar;C:\Users\Chaitali Bagwe\.m2\repository\org\aksw\commons\aksw-commons-util\0.8.10\aksw-commons-util-0.8.10.jar;C:\Users\Chaitali Bagwe\.m2\repository\net\sourceforge\collections\collections-generic\4.01\collections-generic-4.01.jar;C:\Users\Chaitali Bagwe\.m2\repository\com\google\code\gson\gson\2.8.2\gson-2.8.2.jar;C:\Users\Chaitali Bagwe\.m2\repository\org\aksw\jena-sparql-api\jena-sparql-api-vocabs\3.9.0-1\jena-sparql-api-vocabs-3.9.0-1.jar;C:\Users\Chaitali Bagwe\.m2\repository\org\aksw\jena-sparql-api\jena-sparql-api-sparql-ext\3.9.0-1\jena-sparql-api-sparql-ext-3.9.0-1.jar;C:\Users\Chaitali Bagwe\.m2\repository\net\sf\jopt-simple\jopt-simple\5.0.4\jopt-simple-5.0.4.jar;C:\Users\Chaitali Bagwe\.m2\repository\com\jayway\jsonpath\json-path\2.4.0\json-path-2.4.0.jar;C:\Users\Chaitali Bagwe\.m2\repository\net\minidev\json-smart\2.3\json-smart-2.3.jar;C:\Users\Chaitali Bagwe\.m2\repository\net\minidev\accessors-smart\1.2\accessors-smart-1.2.jar;C:\Users\Chaitali Bagwe\.m2\repository\commons-validator\commons-validator\1.6\commons-validator-1.6.jar;C:\Users\Chaitali Bagwe\.m2\repository\commons-beanutils\commons-beanutils\1.9.2\commons-beanutils-1.9.2.jar;C:\Users\Chaitali Bagwe\.m2\repository\commons-digester\commons-digester\1.8.1\commons-digester-1.8.1.jar;C:\Users\Chaitali Bagwe\.m2\repository\com\vividsolutions\jts-core\1.14.0\jts-core-1.14.0.jar;C:\Users\Chaitali Bagwe\.m2\repository\com\vividsolutions\jts-io\1.14.0\jts-io-1.14.0.jar;C:\Users\Chaitali Bagwe\.m2\repository\com\googlecode\json-simple\json-simple\1.1\json-simple-1.1.jar;C:\Users\Chaitali Bagwe\.m2\repository\io\reactivex\rxjava2\rxjava\2.1.14\rxjava-2.1.14.jar;C:\Users\Chaitali Bagwe\.m2\repository\org\reactivestreams\reactive-streams\1.0.2\reactive-streams-1.0.2.jar;C:\Users\Chaitali Bagwe\.m2\repository\com\github\davidmoten\rxjava2-extras\0.1.28\rxjava2-extras-0.1.28.jar;C:\Users\Chaitali Bagwe\.m2\repository\com\github\davidmoten\guava-mini\0.1.1\guava-mini-0.1.1.jar;C:\Users\Chaitali Bagwe\.m2\repository\org\apache\jena\jena-iri\3.9.0\jena-iri-3.9.0.jar;C:\Users\Chaitali Bagwe\.m2\repository\org\aksw\commons\aksw-commons-collections\0.8.10\aksw-commons-collections-0.8.10.jar;C:\Users\Chaitali Bagwe\.m2\repository\com\codepoetics\protonpack\1.11\protonpack-1.11.jar;C:\Users\Chaitali Bagwe\.m2\repository\org\aksw\jena-sparql-api\jena-sparql-api-resources-test-config\3.9.0-1\jena-sparql-api-resources-test-config-3.9.0-1.jar;C:\Users\Chaitali Bagwe\.m2\repository\com\nurkiewicz\asyncretry\asyncretry-jdk7\0.0.6\asyncretry-jdk7-0.0.6.jar;C:\Users\Chaitali Bagwe\.m2\repository\org\locationtech\jts\jts-core\1.16.0\jts-core-1.16.0.jar;C:\Users\Chaitali Bagwe\.m2\repository\algorithms\edjoin\edjoin-plus\2011\edjoin-plus-2011.jar;C:\Users\Chaitali Bagwe\.m2\repository\uk\ac\shef\wit\simmetrics\1.6.2\simmetrics-1.6.2.jar;C:\Users\Chaitali Bagwe\.m2\repository\commons-collections\commons-collections\3.2.2\commons-collections-3.2.2.jar;C:\Users\Chaitali Bagwe\.m2\repository\ssjoin\ssjoin\1.0\ssjoin-1.0.jar;C:\Users\Chaitali Bagwe\.m2\repository\fr\ign\cogit\geoxygene-api\1.6\geoxygene-api-1.6.jar;C:\Users\Chaitali Bagwe\.m2\repository\fr\ign\cogit\geoxygene-spatial\1.6\geoxygene-spatial-1.6.jar;C:\Users\Chaitali Bagwe\.m2\repository\net\sf\jgap\jgap\3.4.4\jgap-3.4.4.jar;C:\Users\Chaitali Bagwe\.m2\repository\com\thoughtworks\xstream\xstream\1.2.2\xstream-1.2.2.jar;C:\Users\Chaitali Bagwe\.m2\repository\xpp3\xpp3_min\1.1.3.4.O\xpp3_min-1.1.3.4.O.jar;C:\Users\Chaitali Bagwe\.m2\repository\xpp3\xpp3\1.1.3.4.O\xpp3-1.1.3.4.O.jar;C:\Users\Chaitali Bagwe\.m2\repository\tablelayout\TableLayout\20050920\TableLayout-20050920.jar;C:\Users\Chaitali Bagwe\.m2\repository\net\sf\jcgrid\jcgrid\0.05\jcgrid-0.05.jar;C:\Users\Chaitali Bagwe\.m2\repository\junit-addons\junit-addons\1.4\junit-addons-1.4.jar;C:\Users\Chaitali Bagwe\.m2\repository\org\fusesource\jansi\jansi\1.11\jansi-1.11.jar;C:\Users\Chaitali Bagwe\.m2\repository\nz\ac\waikato\cms\weka\weka-dev\3.9.0\weka-dev-3.9.0.jar;C:\Users\Chaitali Bagwe\.m2\repository\nz\ac\waikato\cms\weka\thirdparty\java-cup-11b\2015.03.26\java-cup-11b-2015.03.26.jar;C:\Users\Chaitali Bagwe\.m2\repository\nz\ac\waikato\cms\weka\thirdparty\java-cup-11b-runtime\2015.03.26\java-cup-11b-runtime-2015.03.26.jar;C:\Users\Chaitali Bagwe\.m2\repository\nz\ac\waikato\cms\weka\thirdparty\bounce\0.18\bounce-0.18.jar;C:\Users\Chaitali Bagwe\.m2\repository\com\googlecode\netlib-java\netlib-java\1.1\netlib-java-1.1.jar;C:\Users\Chaitali Bagwe\.m2\repository\org\apache\httpcomponents\fluent-hc\4.5.1\fluent-hc-4.5.1.jar;C:\Users\Chaitali Bagwe\.m2\repository\org\apache\httpcomponents\httpclient\4.5.1\httpclient-4.5.1.jar;C:\Users\Chaitali Bagwe\.m2\repository\com\sparkjava\spark-core\2.8.0\spark-core-2.8.0.jar;C:\Users\Chaitali Bagwe\.m2\repository\org\eclipse\jetty\jetty-server\9.4.12.v20180830\jetty-server-9.4.12.v20180830.jar;C:\Users\Chaitali Bagwe\.m2\repository\org\eclipse\jetty\jetty-http\9.4.12.v20180830\jetty-http-9.4.12.v20180830.jar;C:\Users\Chaitali Bagwe\.m2\repository\org\eclipse\jetty\jetty-util\9.4.12.v20180830\jetty-util-9.4.12.v20180830.jar;C:\Users\Chaitali Bagwe\.m2\repository\org\eclipse\jetty\jetty-io\9.4.12.v20180830\jetty-io-9.4.12.v20180830.jar;C:\Users\Chaitali Bagwe\.m2\repository\org\eclipse\jetty\jetty-webapp\9.4.12.v20180830\jetty-webapp-9.4.12.v20180830.jar;C:\Users\Chaitali Bagwe\.m2\repository\org\eclipse\jetty\jetty-xml\9.4.12.v20180830\jetty-xml-9.4.12.v20180830.jar;C:\Users\Chaitali Bagwe\.m2\repository\org\eclipse\jetty\jetty-servlet\9.4.12.v20180830\jetty-servlet-9.4.12.v20180830.jar;C:\Users\Chaitali Bagwe\.m2\repository\org\eclipse\jetty\jetty-security\9.4.12.v20180830\jetty-security-9.4.12.v20180830.jar;C:\Users\Chaitali Bagwe\.m2\repository\org\eclipse\jetty\websocket\websocket-server\9.4.12.v20180830\websocket-server-9.4.12.v20180830.jar;C:\Users\Chaitali Bagwe\.m2\repository\org\eclipse\jetty\websocket\websocket-common\9.4.12.v20180830\websocket-common-9.4.12.v20180830.jar;C:\Users\Chaitali Bagwe\.m2\repository\org\eclipse\jetty\websocket\websocket-client\9.4.12.v20180830\websocket-client-9.4.12.v20180830.jar;C:\Users\Chaitali Bagwe\.m2\repository\org\eclipse\jetty\jetty-client\9.4.12.v20180830\jetty-client-9.4.12.v20180830.jar;C:\Users\Chaitali Bagwe\.m2\repository\org\eclipse\jetty\websocket\websocket-servlet\9.4.12.v20180830\websocket-servlet-9.4.12.v20180830.jar;C:\Users\Chaitali Bagwe\.m2\repository\org\eclipse\jetty\websocket\websocket-api\9.4.12.v20180830\websocket-api-9.4.12.v20180830.jar;C:\Users\Chaitali Bagwe\.m2\repository\eu\medsea\mimeutil\mime-util\2.1.3\mime-util-2.1.3.jar;C:\Users\Chaitali Bagwe\.m2\repository\org\apache\jena\jena-querybuilder\3.9.0\jena-querybuilder-3.9.0.jar;C:\Users\Chaitali Bagwe\.m2\repository\org\apache\jena\jena-tdb\3.9.0\jena-tdb-3.9.0.jar;C:\Users\Chaitali Bagwe\.m2\repository\org\apache\jena\jena-tdb2\3.9.0\jena-tdb2-3.9.0.jar;C:\Users\Chaitali Bagwe\.m2\repository\org\apache\jena\jena-dboe-trans-data\3.9.0\jena-dboe-trans-data-3.9.0.jar;C:\Users\Chaitali Bagwe\.m2\repository\org\apache\jena\jena-dboe-transaction\3.9.0\jena-dboe-transaction-3.9.0.jar;C:\Users\Chaitali Bagwe\.m2\repository\org\apache\jena\jena-dboe-base\3.9.0\jena-dboe-base-3.9.0.jar;C:\Users\Chaitali Bagwe\.m2\repository\org\apache\jena\jena-dboe-index\3.9.0\jena-dboe-index-3.9.0.jar;C:\Users\Chaitali Bagwe\.m2\repository\org\apache\jena\jena-rdfconnection\3.9.0\jena-rdfconnection-3.9.0.jar;C:\Users\Chaitali Bagwe\.m2\repository\com\github\renespeck\fox-java\e67a2bd475\fox-java-e67a2bd475.jar;C:\Users\Chaitali Bagwe\.m2\repository\com\github\jsonld-java\jsonld-java\0.12.1\jsonld-java-0.12.1.jar;C:\Users\Chaitali Bagwe\.m2\repository\com\fasterxml\jackson\core\jackson-core\2.9.6\jackson-core-2.9.6.jar;C:\Users\Chaitali Bagwe\.m2\repository\com\fasterxml\jackson\core\jackson-databind\2.9.6\jackson-databind-2.9.6.jar;C:\Users\Chaitali Bagwe\.m2\repository\com\fasterxml\jackson\core\jackson-annotations\2.9.0\jackson-annotations-2.9.0.jar;C:\Users\Chaitali Bagwe\.m2\repository\org\apache\httpcomponents\httpclient-osgi\4.5.6\httpclient-osgi-4.5.6.jar;C:\Users\Chaitali Bagwe\.m2\repository\org\apache\httpcomponents\httpmime\4.5.6\httpmime-4.5.6.jar;C:\Users\Chaitali Bagwe\.m2\repository\org\apache\httpcomponents\httpclient-cache\4.5.6\httpclient-cache-4.5.6.jar;C:\Users\Chaitali Bagwe\.m2\repository\org\apache\httpcomponents\httpcore-osgi\4.4.10\httpcore-osgi-4.4.10.jar;C:\Users\Chaitali Bagwe\.m2\repository\org\apache\httpcomponents\httpcore\4.4.10\httpcore-4.4.10.jar;C:\Users\Chaitali Bagwe\.m2\repository\org\apache\httpcomponents\httpcore-nio\4.4.10\httpcore-nio-4.4.10.jar;C:\Users\Chaitali Bagwe\.m2\repository\org\slf4j\jcl-over-slf4j\1.7.25\jcl-over-slf4j-1.7.25.jar;C:\Users\Chaitali Bagwe\.m2\repository\xerces\xercesImpl\2.12.0\xercesImpl-2.12.0.jar;C:\Users\Chaitali Bagwe\.m2\repository\xml-apis\xml-apis\1.4.01\xml-apis-1.4.01.jar;C:\Users\Chaitali Bagwe\.m2\repository\org\json\json\20180813\json-20180813.jar;C:\Users\Chaitali Bagwe\.m2\repository\io\jenetics\jenetics\4.4.0\jenetics-4.4.0.jar;C:\Users\Chaitali Bagwe\.m2\repository\io\jenetics\prngine\1.0.1\prngine-1.0.1.jar;C:\Users\Chaitali Bagwe\.m2\repository\org\jetbrains\annotations\17.0.0\annotations-17.0.0.jar;C:\Users\Chaitali Bagwe\.m2\repository\org\aksw\faraday_cage\faraday-cage\1.1.1\faraday-cage-1.1.1.jar;C:\Users\Chaitali Bagwe\.m2\repository\org\apache\jena\jena-core\3.9.0\jena-core-3.9.0.jar;C:\Users\Chaitali Bagwe\.m2\repository\commons-cli\commons-cli\1.4\commons-cli-1.4.jar;C:\Users\Chaitali Bagwe\.m2\repository\org\apache\jena\jena-base\3.9.0\jena-base-3.9.0.jar;C:\Users\Chaitali Bagwe\.m2\repository\org\apache\commons\commons-csv\1.5\commons-csv-1.5.jar;C:\Users\Chaitali Bagwe\.m2\repository\com\github\andrewoma\dexx\collection\0.7\collection-0.7.jar;C:\Users\Chaitali Bagwe\.m2\repository\org\apache\jena\jena-arq\3.9.0\jena-arq-3.9.0.jar;C:\Users\Chaitali Bagwe\.m2\repository\org\apache\jena\jena-shaded-guava\3.9.0\jena-shaded-guava-3.9.0.jar;C:\Users\Chaitali Bagwe\.m2\repository\org\apache\thrift\libthrift\0.10.0\libthrift-0.10.0.jar;C:\Users\Chaitali Bagwe\.m2\repository\org\topbraid\shacl\1.1.0\shacl-1.1.0.jar;C:\Users\Chaitali Bagwe\.m2\repository\org\pf4j\pf4j\3.0.1\pf4j-3.0.1.jar;C:\Users\Chaitali Bagwe\.m2\repository\com\github\zafarkhaja\java-semver\0.9.0\java-semver-0.9.0.jar;"/>
    <property name="sun.cpu.endian" value="little"/>
    <property name="user.home" value="C:\Users\Chaitali Bagwe"/>
    <property name="user.language" value="en"/>
    <property name="sun.stderr.encoding" value="cp437"/>
    <property name="java.specification.vendor" value="Oracle Corporation"/>
    <property name="java.version.date" value="2021-09-14"/>
    <property name="java.home" value="C:\Program Files\Java\jdk-17"/>
    <property name="file.separator" value="\"/>
    <property name="basedir" value="D:\kgmatching-ravi"/>
    <property name="java.vm.compressedOopsMode" value="32-bit"/>
    <property name="line.separator" value="&#10;"/>
    <property name="sun.stdout.encoding" value="cp437"/>
    <property name="java.vm.specification.vendor" value="Oracle Corporation"/>
    <property name="java.specification.name" value="Java Platform API Specification"/>
    <property name="user.script" value=""/>
    <property name="sun.management.compiler" value="HotSpot 64-Bit Tiered Compilers"/>
    <property name="java.runtime.version" value="17+35-LTS-2724"/>
    <property name="user.name" value="Chaitali Bagwe"/>
    <property name="path.separator" value=";"/>
    <property name="os.version" value="10.0"/>
    <property name="java.runtime.name" value="Java(TM) SE Runtime Environment"/>
    <property name="file.encoding" value="Cp1252"/>
    <property name="guice.disable.misplaced.annotation.check" value="true"/>
    <property name="java.vm.name" value="Java HotSpot(TM) 64-Bit Server VM"/>
    <property name="localRepository" value="C:\Users\Chaitali Bagwe\.m2\repository"/>
    <property name="java.vendor.url.bug" value="https://bugreport.java.com/bugreport/"/>
    <property name="java.io.tmpdir" value="C:\Users\CHAITA~1\AppData\Local\Temp\"/>
    <property name="java.version" value="17"/>
    <property name="user.dir" value="D:\kgmatching-ravi"/>
    <property name="os.arch" value="amd64"/>
    <property name="maven.multiModuleProjectDirectory" value="D:\kgmatching-ravi"/>
    <property name="java.vm.specification.name" value="Java Virtual Machine Specification"/>
    <property name="sun.os.patch.level" value=""/>
    <property name="native.encoding" value="Cp1252"/>
    <property name="java.library.path" value="C:\Program Files\Java\jdk-17\bin;C:\WINDOWS\Sun\Java\bin;C:\WINDOWS\system32;C:\WINDOWS;C:\Program Files\Common Files\Oracle\Java\javapath;C:\Program Files (x86)\Common Files\Oracle\Java\javapath;C:\WINDOWS\system32;C:\WINDOWS;C:\WINDOWS\System32\Wbem;C:\WINDOWS\System32\WindowsPowerShell\v1.0\;C:\WINDOWS\System32\OpenSSH\;C:\Program Files\swipl\bin;C:\Program Files\Git\cmd;C:\Program Files\apache-maven-3.8.1\bin;C:\Program Files\Docker\Docker\resources\bin;C:\ProgramData\DockerDesktop\version-bin;C:\Program Files\Java\jdk-17\bin;C:\Program Files (x86)\GitExtensions\;C:\Users\Chaitali Bagwe\AppData\Local\Programs\Python\Python38\Scripts\;C:\Users\Chaitali Bagwe\AppData\Local\Programs\Python\Python38\;C:\Users\Chaitali Bagwe\AppData\Local\Microsoft\WindowsApps;;C:\Program Files\JetBrains\IntelliJ IDEA Community Edition 2021.2.2\bin;;."/>
    <property name="java.vm.info" value="mixed mode, sharing"/>
    <property name="java.vendor" value="Oracle Corporation"/>
    <property name="java.vm.version" value="17+35-LTS-2724"/>
    <property name="classworlds.conf" value="C:\Program Files\apache-maven-3.8.1\bin\..\bin\m2.conf"/>
    <property name="sun.io.unicode.encoding" value="UnicodeLittle"/>
    <property name="library.jansi.path" value="C:\Program Files\apache-maven-3.8.1\bin\..\lib\jansi-native"/>
    <property name="java.class.version" value="61.0"/>
  </properties>
  <testcase name="test" classname="org.aksw.deer.plugin.example.KGMatchingOperatorTest" time="0.016"/>
</testsuite>